{"D:\\dpk\\ReactProject\\user-task-backend\\index.js": {"path":"D:\\dpk\\ReactProject\\user-task-backend\\index.js","statementMap":{"0":{"start":{"line":2,"column":16},"end":{"line":2,"column":34}},"1":{"start":{"line":3,"column":19},"end":{"line":3,"column":41}},"2":{"start":{"line":4,"column":15},"end":{"line":4,"column":34}},"3":{"start":{"line":5,"column":17},"end":{"line":5,"column":30}},"4":{"start":{"line":8,"column":12},"end":{"line":8,"column":21}},"5":{"start":{"line":9,"column":13},"end":{"line":9,"column":37}},"6":{"start":{"line":12,"column":0},"end":{"line":12,"column":27}},"7":{"start":{"line":15,"column":13},"end":{"line":21,"column":2}},"8":{"start":{"line":24,"column":0},"end":{"line":39,"column":3}},"9":{"start":{"line":25,"column":40},"end":{"line":25,"column":48}},"10":{"start":{"line":27,"column":2},"end":{"line":38,"column":3}},"11":{"start":{"line":28,"column":29},"end":{"line":28,"column":60}},"12":{"start":{"line":29,"column":21},"end":{"line":32,"column":5}},"13":{"start":{"line":33,"column":17},"end":{"line":33,"column":31}},"14":{"start":{"line":34,"column":4},"end":{"line":34,"column":86}},"15":{"start":{"line":36,"column":4},"end":{"line":36,"column":58}},"16":{"start":{"line":37,"column":4},"end":{"line":37,"column":61}},"17":{"start":{"line":42,"column":0},"end":{"line":64,"column":3}},"18":{"start":{"line":43,"column":30},"end":{"line":43,"column":38}},"19":{"start":{"line":45,"column":2},"end":{"line":63,"column":3}},"20":{"start":{"line":46,"column":19},"end":{"line":46,"column":84}},"21":{"start":{"line":47,"column":17},"end":{"line":47,"column":31}},"22":{"start":{"line":49,"column":4},"end":{"line":51,"column":5}},"23":{"start":{"line":50,"column":6},"end":{"line":50,"column":63}},"24":{"start":{"line":53,"column":26},"end":{"line":53,"column":71}},"25":{"start":{"line":55,"column":4},"end":{"line":57,"column":5}},"26":{"start":{"line":56,"column":6},"end":{"line":56,"column":65}},"27":{"start":{"line":59,"column":4},"end":{"line":59,"column":86}},"28":{"start":{"line":61,"column":4},"end":{"line":61,"column":51}},"29":{"start":{"line":62,"column":4},"end":{"line":62,"column":61}},"30":{"start":{"line":67,"column":0},"end":{"line":81,"column":5}},"31":{"start":{"line":68,"column":44},"end":{"line":68,"column":52}},"32":{"start":{"line":70,"column":4},"end":{"line":80,"column":5}},"33":{"start":{"line":71,"column":21},"end":{"line":74,"column":7}},"34":{"start":{"line":75,"column":19},"end":{"line":75,"column":33}},"35":{"start":{"line":76,"column":6},"end":{"line":76,"column":33}},"36":{"start":{"line":78,"column":6},"end":{"line":78,"column":49}},"37":{"start":{"line":79,"column":6},"end":{"line":79,"column":63}},"38":{"start":{"line":84,"column":2},"end":{"line":93,"column":5}},"39":{"start":{"line":85,"column":4},"end":{"line":92,"column":5}},"40":{"start":{"line":86,"column":21},"end":{"line":86,"column":60}},"41":{"start":{"line":87,"column":20},"end":{"line":87,"column":31}},"42":{"start":{"line":88,"column":6},"end":{"line":88,"column":22}},"43":{"start":{"line":90,"column":6},"end":{"line":90,"column":52}},"44":{"start":{"line":91,"column":6},"end":{"line":91,"column":63}},"45":{"start":{"line":96,"column":2},"end":{"line":112,"column":5}},"46":{"start":{"line":97,"column":19},"end":{"line":97,"column":32}},"47":{"start":{"line":99,"column":4},"end":{"line":111,"column":5}},"48":{"start":{"line":100,"column":21},"end":{"line":100,"column":84}},"49":{"start":{"line":101,"column":19},"end":{"line":101,"column":33}},"50":{"start":{"line":103,"column":6},"end":{"line":105,"column":7}},"51":{"start":{"line":104,"column":8},"end":{"line":104,"column":65}},"52":{"start":{"line":107,"column":6},"end":{"line":107,"column":21}},"53":{"start":{"line":109,"column":6},"end":{"line":109,"column":57}},"54":{"start":{"line":110,"column":6},"end":{"line":110,"column":63}},"55":{"start":{"line":115,"column":2},"end":{"line":135,"column":5}},"56":{"start":{"line":116,"column":19},"end":{"line":116,"column":32}},"57":{"start":{"line":117,"column":35},"end":{"line":117,"column":43}},"58":{"start":{"line":119,"column":4},"end":{"line":134,"column":5}},"59":{"start":{"line":120,"column":21},"end":{"line":123,"column":7}},"60":{"start":{"line":124,"column":19},"end":{"line":124,"column":33}},"61":{"start":{"line":126,"column":6},"end":{"line":128,"column":7}},"62":{"start":{"line":127,"column":8},"end":{"line":127,"column":65}},"63":{"start":{"line":130,"column":6},"end":{"line":130,"column":21}},"64":{"start":{"line":132,"column":6},"end":{"line":132,"column":49}},"65":{"start":{"line":133,"column":6},"end":{"line":133,"column":63}},"66":{"start":{"line":138,"column":2},"end":{"line":153,"column":5}},"67":{"start":{"line":139,"column":19},"end":{"line":139,"column":32}},"68":{"start":{"line":141,"column":4},"end":{"line":152,"column":5}},"69":{"start":{"line":142,"column":21},"end":{"line":142,"column":82}},"70":{"start":{"line":144,"column":6},"end":{"line":146,"column":7}},"71":{"start":{"line":145,"column":8},"end":{"line":145,"column":65}},"72":{"start":{"line":148,"column":6},"end":{"line":148,"column":57}},"73":{"start":{"line":150,"column":6},"end":{"line":150,"column":49}},"74":{"start":{"line":151,"column":6},"end":{"line":151,"column":63}},"75":{"start":{"line":155,"column":17},"end":{"line":157,"column":4}},"76":{"start":{"line":156,"column":4},"end":{"line":156,"column":53}},"77":{"start":{"line":159,"column":0},"end":{"line":159,"column":24}}},"fnMap":{"0":{"name":"(anonymous_0)","decl":{"start":{"line":24,"column":28},"end":{"line":24,"column":29}},"loc":{"start":{"line":24,"column":48},"end":{"line":39,"column":1}},"line":24},"1":{"name":"(anonymous_1)","decl":{"start":{"line":42,"column":25},"end":{"line":42,"column":26}},"loc":{"start":{"line":42,"column":45},"end":{"line":64,"column":1}},"line":42},"2":{"name":"(anonymous_2)","decl":{"start":{"line":67,"column":19},"end":{"line":67,"column":20}},"loc":{"start":{"line":67,"column":39},"end":{"line":81,"column":3}},"line":67},"3":{"name":"(anonymous_3)","decl":{"start":{"line":84,"column":20},"end":{"line":84,"column":21}},"loc":{"start":{"line":84,"column":40},"end":{"line":93,"column":3}},"line":84},"4":{"name":"(anonymous_4)","decl":{"start":{"line":96,"column":24},"end":{"line":96,"column":25}},"loc":{"start":{"line":96,"column":44},"end":{"line":112,"column":3}},"line":96},"5":{"name":"(anonymous_5)","decl":{"start":{"line":115,"column":25},"end":{"line":115,"column":26}},"loc":{"start":{"line":115,"column":45},"end":{"line":135,"column":3}},"line":115},"6":{"name":"(anonymous_6)","decl":{"start":{"line":138,"column":27},"end":{"line":138,"column":28}},"loc":{"start":{"line":138,"column":47},"end":{"line":153,"column":3}},"line":138},"7":{"name":"(anonymous_7)","decl":{"start":{"line":155,"column":34},"end":{"line":155,"column":35}},"loc":{"start":{"line":155,"column":40},"end":{"line":157,"column":3}},"line":155}},"branchMap":{"0":{"loc":{"start":{"line":9,"column":13},"end":{"line":9,"column":37}},"type":"binary-expr","locations":[{"start":{"line":9,"column":13},"end":{"line":9,"column":29}},{"start":{"line":9,"column":33},"end":{"line":9,"column":37}}],"line":9},"1":{"loc":{"start":{"line":49,"column":4},"end":{"line":51,"column":5}},"type":"if","locations":[{"start":{"line":49,"column":4},"end":{"line":51,"column":5}},{"start":{},"end":{}}],"line":49},"2":{"loc":{"start":{"line":55,"column":4},"end":{"line":57,"column":5}},"type":"if","locations":[{"start":{"line":55,"column":4},"end":{"line":57,"column":5}},{"start":{},"end":{}}],"line":55},"3":{"loc":{"start":{"line":103,"column":6},"end":{"line":105,"column":7}},"type":"if","locations":[{"start":{"line":103,"column":6},"end":{"line":105,"column":7}},{"start":{},"end":{}}],"line":103},"4":{"loc":{"start":{"line":126,"column":6},"end":{"line":128,"column":7}},"type":"if","locations":[{"start":{"line":126,"column":6},"end":{"line":128,"column":7}},{"start":{},"end":{}}],"line":126},"5":{"loc":{"start":{"line":144,"column":6},"end":{"line":146,"column":7}},"type":"if","locations":[{"start":{"line":144,"column":6},"end":{"line":146,"column":7}},{"start":{},"end":{}}],"line":144}},"s":{"0":2,"1":2,"2":2,"3":2,"4":2,"5":2,"6":2,"7":2,"8":2,"9":2,"10":2,"11":2,"12":1,"13":1,"14":1,"15":1,"16":1,"17":2,"18":3,"19":3,"20":3,"21":3,"22":3,"23":1,"24":2,"25":2,"26":1,"27":1,"28":0,"29":0,"30":2,"31":2,"32":2,"33":2,"34":2,"35":2,"36":0,"37":0,"38":2,"39":2,"40":2,"41":2,"42":2,"43":0,"44":0,"45":2,"46":2,"47":2,"48":2,"49":2,"50":2,"51":0,"52":2,"53":0,"54":0,"55":2,"56":2,"57":2,"58":2,"59":2,"60":2,"61":2,"62":0,"63":2,"64":0,"65":0,"66":2,"67":3,"68":3,"69":3,"70":3,"71":1,"72":2,"73":0,"74":0,"75":2,"76":2,"77":2},"f":{"0":2,"1":3,"2":2,"3":2,"4":2,"5":2,"6":3,"7":2},"b":{"0":[2,2],"1":[1,2],"2":[1,1],"3":[0,2],"4":[0,2],"5":[1,2]},"_coverageSchema":"1a1c01bbd47fc00a2c39e90264f33305004495a9","hash":"b6e9243afa22730c48771f54a284489a9ca8f00e"}
}
