TN:
SF:index.js
FN:24,(anonymous_0)
FN:42,(anonymous_1)
FN:67,(anonymous_2)
FN:84,(anonymous_3)
FN:96,(anonymous_4)
FN:115,(anonymous_5)
FN:138,(anonymous_6)
FN:155,(anonymous_7)
FNF:8
FNH:8
FNDA:2,(anonymous_0)
FNDA:3,(anonymous_1)
FNDA:2,(anonymous_2)
FNDA:2,(anonymous_3)
FNDA:2,(anonymous_4)
FNDA:2,(anonymous_5)
FNDA:3,(anonymous_6)
FNDA:2,(anonymous_7)
DA:2,2
DA:3,2
DA:4,2
DA:5,2
DA:8,2
DA:9,2
DA:12,2
DA:15,2
DA:24,2
DA:25,2
DA:27,2
DA:28,2
DA:29,1
DA:33,1
DA:34,1
DA:36,1
DA:37,1
DA:42,2
DA:43,3
DA:45,3
DA:46,3
DA:47,3
DA:49,3
DA:50,1
DA:53,2
DA:55,2
DA:56,1
DA:59,1
DA:61,0
DA:62,0
DA:67,2
DA:68,2
DA:70,2
DA:71,2
DA:75,2
DA:76,2
DA:78,0
DA:79,0
DA:84,2
DA:85,2
DA:86,2
DA:87,2
DA:88,2
DA:90,0
DA:91,0
DA:96,2
DA:97,2
DA:99,2
DA:100,2
DA:101,2
DA:103,2
DA:104,0
DA:107,2
DA:109,0
DA:110,0
DA:115,2
DA:116,2
DA:117,2
DA:119,2
DA:120,2
DA:124,2
DA:126,2
DA:127,0
DA:130,2
DA:132,0
DA:133,0
DA:138,2
DA:139,3
DA:141,3
DA:142,3
DA:144,3
DA:145,1
DA:148,2
DA:150,0
DA:151,0
DA:155,2
DA:156,2
DA:159,2
LF:78
LH:64
BRDA:9,0,0,2
BRDA:9,0,1,2
BRDA:49,1,0,1
BRDA:49,1,1,2
BRDA:55,2,0,1
BRDA:55,2,1,1
BRDA:103,3,0,0
BRDA:103,3,1,2
BRDA:126,4,0,0
BRDA:126,4,1,2
BRDA:144,5,0,1
BRDA:144,5,1,2
BRF:12
BRH:10
end_of_record
